#
# A fatal error has been detected by the Java Runtime Environment:
#
#  Internal Error (method.cpp:1850), pid=12662, tid=12713
#  fatal error: no original bytecode found in com.keyclock.demo.service.KeyCloakService.getToken()Ljava/lang/String; at bci 125
#
# JRE version: OpenJDK Runtime Environment (17.0.8.1+1) (build 17.0.8.1+1-Ubuntu-0ubuntu122.04)
# Java VM: OpenJDK 64-Bit Server VM (17.0.8.1+1-Ubuntu-0ubuntu122.04, mixed mode, sharing, tiered, compressed oops, compressed class ptrs, g1 gc, linux-amd64)
# Problematic frame:
# V  [libjvm.so+0xbbbffd]  Method::orig_bytecode_at(int) const+0xad
#
# Core dump will be written. Default location: Core dumps may be processed with "/usr/share/apport/apport -p%p -s%s -c%c -d%d -P%P -u%u -g%g -- %E" (or dumping to /home/eslam/work/demo/core.12662)
#
# If you would like to submit a bug report, please visit:
#   Unknown
#

---------------  S U M M A R Y ------------

Command Line: -agentlib:jdwp=transport=dt_socket,address=127.0.0.1:39527,suspend=y,server=n -javaagent:/snap/intellij-idea-community/467/plugins/java/lib/rt/debugger-agent.jar -Dfile.encoding=UTF-8 com.keyclock.demo.DemoApplication

Host: Intel(R) Core(TM) i7-6700HQ CPU @ 2.60GHz, 8 cores, 15G, Ubuntu 22.04.3 LTS
Time: Mon Nov 20 20:52:30 2023 EET elapsed time: 339.530207 seconds (0d 0h 5m 39s)

---------------  T H R E A D  ---------------

Current thread (0x00007f2de92e6030):  JavaThread "http-nio-8080-exec-2" daemon [_thread_in_vm, id=12713, stack(0x00007f2db89ee000,0x00007f2db8aee000)]

Stack: [0x00007f2db89ee000,0x00007f2db8aee000],  sp=0x00007f2db8aea530,  free space=1009k
Native frames: (J=compiled Java code, j=interpreted, Vv=VM code, C=native code)
V  [libjvm.so+0xbbbffd]  Method::orig_bytecode_at(int) const+0xad
V  [libjvm.so+0x82af06]  InterpreterRuntime::get_original_bytecode_at(JavaThread*, Method*, unsigned char*)+0x36
j  com.keyclock.demo.service.KeyCloakService.getToken()Ljava/lang/String;+125
j  com.keyclock.demo.controller.KeyCloakUserController.getUsers(Ljava/lang/String;)Ljava/util/List;+4
v  ~StubRoutines::call_stub
V  [libjvm.so+0x8350d5]  JavaCalls::call_helper(JavaValue*, methodHandle const&, JavaCallArguments*, JavaThread*)+0x325
V  [libjvm.so+0xcbd8ae]  invoke(InstanceKlass*, methodHandle const&, Handle, bool, objArrayHandle, BasicType, objArrayHandle, bool, JavaThread*) [clone .constprop.0]+0x55e
V  [libjvm.so+0xcbe83b]  Reflection::invoke_method(oopDesc*, Handle, objArrayHandle, JavaThread*)+0x15b
V  [libjvm.so+0x90b1cb]  JVM_InvokeMethod+0x14b
j  jdk.internal.reflect.NativeMethodAccessorImpl.invoke0(Ljava/lang/reflect/Method;Ljava/lang/Object;[Ljava/lang/Object;)Ljava/lang/Object;+0 java.base@17.0.8.1
j  jdk.internal.reflect.NativeMethodAccessorImpl.invoke(Ljava/lang/Object;[Ljava/lang/Object;)Ljava/lang/Object;+133 java.base@17.0.8.1
j  jdk.internal.reflect.DelegatingMethodAccessorImpl.invoke(Ljava/lang/Object;[Ljava/lang/Object;)Ljava/lang/Object;+6 java.base@17.0.8.1
j  java.lang.reflect.Method.invoke(Ljava/lang/Object;[Ljava/lang/Object;)Ljava/lang/Object;+59 java.base@17.0.8.1
j  org.springframework.web.method.support.InvocableHandlerMethod.doInvoke([Ljava/lang/Object;)Ljava/lang/Object;+29
j  org.springframework.web.method.support.InvocableHandlerMethod.invokeForRequest(Lorg/springframework/web/context/request/NativeWebRequest;Lorg/springframework/web/method/support/ModelAndViewContainer;[Ljava/lang/Object;)Ljava/lang/Object;+41
j  org.springframework.web.servlet.mvc.method.annotation.ServletInvocableHandlerMethod.invokeAndHandle(Lorg/springframework/web/context/request/ServletWebRequest;Lorg/springframework/web/method/support/ModelAndViewContainer;[Ljava/lang/Object;)V+4
j  org.springframework.web.servlet.mvc.method.annotation.RequestMappingHandlerAdapter.invokeHandlerMethod(Ljakarta/servlet/http/HttpServletRequest;Ljakarta/servlet/http/HttpServletResponse;Lorg/springframework/web/method/HandlerMethod;)Lorg/springframework/web/servlet/ModelAndView;+244
j  org.springframework.web.servlet.mvc.method.annotation.RequestMappingHandlerAdapter.handleInternal(Ljakarta/servlet/http/HttpServletRequest;Ljakarta/servlet/http/HttpServletResponse;Lorg/springframework/web/method/HandlerMethod;)Lorg/springframework/web/servlet/ModelAndView;+81
j  org.springframework.web.servlet.mvc.method.AbstractHandlerMethodAdapter.handle(Ljakarta/servlet/http/HttpServletRequest;Ljakarta/servlet/http/HttpServletResponse;Ljava/lang/Object;)Lorg/springframework/web/servlet/ModelAndView;+7
j  org.springframework.web.servlet.DispatcherServlet.doDispatch(Ljakarta/servlet/http/HttpServletRequest;Ljakarta/servlet/http/HttpServletResponse;)V+259
j  org.springframework.web.servlet.DispatcherServlet.doService(Ljakarta/servlet/http/HttpServletRequest;Ljakarta/servlet/http/HttpServletResponse;)V+242
j  org.springframework.web.servlet.FrameworkServlet.processRequest(Ljakarta/servlet/http/HttpServletRequest;Ljakarta/servlet/http/HttpServletResponse;)V+70
j  org.springframework.web.servlet.FrameworkServlet.doGet(Ljakarta/servlet/http/HttpServletRequest;Ljakarta/servlet/http/HttpServletResponse;)V+3
j  jakarta.servlet.http.HttpServlet.service(Ljakarta/servlet/http/HttpServletRequest;Ljakarta/servlet/http/HttpServletResponse;)V+35
j  org.springframework.web.servlet.FrameworkServlet.service(Ljakarta/servlet/http/HttpServletRequest;Ljakarta/servlet/http/HttpServletResponse;)V+20
j  jakarta.servlet.http.HttpServlet.service(Ljakarta/servlet/ServletRequest;Ljakarta/servlet/ServletResponse;)V+36
j  org.apache.catalina.core.ApplicationFilterChain.internalDoFilter(Ljakarta/servlet/ServletRequest;Ljakarta/servlet/ServletResponse;)V+305
j  org.apache.catalina.core.ApplicationFilterChain.doFilter(Ljakarta/servlet/ServletRequest;Ljakarta/servlet/ServletResponse;)V+99
j  org.apache.tomcat.websocket.server.WsFilter.doFilter(Ljakarta/servlet/ServletRequest;Ljakarta/servlet/ServletResponse;Ljakarta/servlet/FilterChain;)V+21
j  org.apache.catalina.core.ApplicationFilterChain.internalDoFilter(Ljakarta/servlet/ServletRequest;Ljakarta/servlet/ServletResponse;)V+135
j  org.apache.catalina.core.ApplicationFilterChain.doFilter(Ljakarta/servlet/ServletRequest;Ljakarta/servlet/ServletResponse;)V+99
j  org.springframework.web.filter.RequestContextFilter.doFilterInternal(Ljakarta/servlet/http/HttpServletRequest;Ljakarta/servlet/http/HttpServletResponse;Ljakarta/servlet/FilterChain;)V+21
j  org.springframework.web.filter.OncePerRequestFilter.doFilter(Ljakarta/servlet/ServletRequest;Ljakarta/servlet/ServletResponse;Ljakarta/servlet/FilterChain;)V+150
j  org.apache.catalina.core.ApplicationFilterChain.internalDoFilter(Ljakarta/servlet/ServletRequest;Ljakarta/servlet/ServletResponse;)V+135
j  org.apache.catalina.core.ApplicationFilterChain.doFilter(Ljakarta/servlet/ServletRequest;Ljakarta/servlet/ServletResponse;)V+99
j  org.springframework.web.filter.FormContentFilter.doFilterInternal(Ljakarta/servlet/http/HttpServletRequest;Ljakarta/servlet/http/HttpServletResponse;Ljakarta/servlet/FilterChain;)V+38
j  org.springframework.web.filter.OncePerRequestFilter.doFilter(Ljakarta/servlet/ServletRequest;Ljakarta/servlet/ServletResponse;Ljakarta/servlet/FilterChain;)V+150
j  org.apache.catalina.core.ApplicationFilterChain.internalDoFilter(Ljakarta/servlet/ServletRequest;Ljakarta/servlet/ServletResponse;)V+135
j  org.apache.catalina.core.ApplicationFilterChain.doFilter(Ljakarta/servlet/ServletRequest;Ljakarta/servlet/ServletResponse;)V+99
j  org.springframework.web.filter.CharacterEncodingFilter.doFilterInternal(Ljakarta/servlet/http/HttpServletRequest;Ljakarta/servlet/http/HttpServletResponse;Ljakarta/servlet/FilterChain;)V+53
j  org.springframework.web.filter.OncePerRequestFilter.doFilter(Ljakarta/servlet/ServletRequest;Ljakarta/servlet/ServletResponse;Ljakarta/servlet/FilterChain;)V+150
j  org.apache.catalina.core.ApplicationFilterChain.internalDoFilter(Ljakarta/servlet/ServletRequest;Ljakarta/servlet/ServletResponse;)V+135
j  org.apache.catalina.core.ApplicationFilterChain.doFilter(Ljakarta/servlet/ServletRequest;Ljakarta/servlet/ServletResponse;)V+99
j  org.apache.catalina.core.StandardWrapperValve.invoke(Lorg/apache/catalina/connector/Request;Lorg/apache/catalina/connector/Response;)V+514
j  org.apache.catalina.core.StandardContextValve.invoke(Lorg/apache/catalina/connector/Request;Lorg/apache/catalina/connector/Response;)V+169
j  org.apache.catalina.authenticator.AuthenticatorBase.invoke(Lorg/apache/catalina/connector/Request;Lorg/apache/catalina/connector/Response;)V+218
j  org.apache.catalina.core.StandardHostValve.invoke(Lorg/apache/catalina/connector/Request;Lorg/apache/catalina/connector/Response;)V+131
j  org.apache.catalina.valves.ErrorReportValve.invoke(Lorg/apache/catalina/connector/Request;Lorg/apache/catalina/connector/Response;)V+6
j  org.apache.catalina.core.StandardEngineValve.invoke(Lorg/apache/catalina/connector/Request;Lorg/apache/catalina/connector/Response;)V+59
j  org.apache.catalina.connector.CoyoteAdapter.service(Lorg/apache/coyote/Request;Lorg/apache/coyote/Response;)V+187
j  org.apache.coyote.http11.Http11Processor.service(Lorg/apache/tomcat/util/net/SocketWrapperBase;)Lorg/apache/tomcat/util/net/AbstractEndpoint$Handler$SocketState;+785
j  org.apache.coyote.AbstractProcessorLight.process(Lorg/apache/tomcat/util/net/SocketWrapperBase;Lorg/apache/tomcat/util/net/SocketEvent;)Lorg/apache/tomcat/util/net/AbstractEndpoint$Handler$SocketState;+152
j  org.apache.coyote.AbstractProtocol$ConnectionHandler.process(Lorg/apache/tomcat/util/net/SocketWrapperBase;Lorg/apache/tomcat/util/net/SocketEvent;)Lorg/apache/tomcat/util/net/AbstractEndpoint$Handler$SocketState;+482
j  org.apache.tomcat.util.net.NioEndpoint$SocketProcessor.doRun()V+249
j  org.apache.tomcat.util.net.SocketProcessorBase.run()V+32
j  org.apache.tomcat.util.threads.ThreadPoolExecutor.runWorker(Lorg/apache/tomcat/util/threads/ThreadPoolExecutor$Worker;)V+92
j  org.apache.tomcat.util.threads.ThreadPoolExecutor$Worker.run()V+5
j  org.apache.tomcat.util.threads.TaskThread$WrappingRunnable.run()V+4
j  java.lang.Thread.run()V+11 java.base@17.0.8.1
v  ~StubRoutines::call_stub
V  [libjvm.so+0x8350d5]  JavaCalls::call_helper(JavaValue*, methodHandle const&, JavaCallArguments*, JavaThread*)+0x325
V  [libjvm.so+0x836742]  JavaCalls::call_virtual(JavaValue*, Handle, Klass*, Symbol*, Symbol*, JavaThread*)+0x1b2
V  [libjvm.so+0x8ff797]  thread_entry(JavaThread*, JavaThread*)+0xa7
V  [libjvm.so+0xed406e]  JavaThread::thread_main_inner()+0xce
V  [libjvm.so+0xed7834]  Thread::call_run()+0xc4
V  [libjvm.so+0xc326c9]  thread_native_entry(Thread*)+0xe9

Java frames: (J=compiled Java code, j=interpreted, Vv=VM code)
j  com.keyclock.demo.service.KeyCloakService.getToken()Ljava/lang/String;+125
j  com.keyclock.demo.controller.KeyCloakUserController.getUsers(Ljava/lang/String;)Ljava/util/List;+4
v  ~StubRoutines::call_stub
j  jdk.internal.reflect.NativeMethodAccessorImpl.invoke0(Ljava/lang/reflect/Method;Ljava/lang/Object;[Ljava/lang/Object;)Ljava/lang/Object;+0 java.base@17.0.8.1
j  jdk.internal.reflect.NativeMethodAccessorImpl.invoke(Ljava/lang/Object;[Ljava/lang/Object;)Ljava/lang/Object;+133 java.base@17.0.8.1
j  jdk.internal.reflect.DelegatingMethodAccessorImpl.invoke(Ljava/lang/Object;[Ljava/lang/Object;)Ljava/lang/Object;+6 java.base@17.0.8.1
j  java.lang.reflect.Method.invoke(Ljava/lang/Object;[Ljava/lang/Object;)Ljava/lang/Object;+59 java.base@17.0.8.1
j  org.springframework.web.method.support.InvocableHandlerMethod.doInvoke([Ljava/lang/Object;)Ljava/lang/Object;+29
j  org.springframework.web.method.support.InvocableHandlerMethod.invokeForRequest(Lorg/springframework/web/context/request/NativeWebRequest;Lorg/springframework/web/method/support/ModelAndViewContainer;[Ljava/lang/Object;)Ljava/lang/Object;+41
j  org.springframework.web.servlet.mvc.method.annotation.ServletInvocableHandlerMethod.invokeAndHandle(Lorg/springframework/web/context/request/ServletWebRequest;Lorg/springframework/web/method/support/ModelAndViewContainer;[Ljava/lang/Object;)V+4
j  org.springframework.web.servlet.mvc.method.annotation.RequestMappingHandlerAdapter.invokeHandlerMethod(Ljakarta/servlet/http/HttpServletRequest;Ljakarta/servlet/http/HttpServletResponse;Lorg/springframework/web/method/HandlerMethod;)Lorg/springframework/web/servlet/ModelAndView;+244
j  org.springframework.web.servlet.mvc.method.annotation.RequestMappingHandlerAdapter.handleInternal(Ljakarta/servlet/http/HttpServletRequest;Ljakarta/servlet/http/HttpServletResponse;Lorg/springframework/web/method/HandlerMethod;)Lorg/springframework/web/servlet/ModelAndView;+81
j  org.springframework.web.servlet.mvc.method.AbstractHandlerMethodAdapter.handle(Ljakarta/servlet/http/HttpServletRequest;Ljakarta/servlet/http/HttpServletResponse;Ljava/lang/Object;)Lorg/springframework/web/servlet/ModelAndView;+7
j  org.springframework.web.servlet.DispatcherServlet.doDispatch(Ljakarta/servlet/http/HttpServletRequest;Ljakarta/servlet/http/HttpServletResponse;)V+259
j  org.springframework.web.servlet.DispatcherServlet.doService(Ljakarta/servlet/http/HttpServletRequest;Ljakarta/servlet/http/HttpServletResponse;)V+242
j  org.springframework.web.servlet.FrameworkServlet.processRequest(Ljakarta/servlet/http/HttpServletRequest;Ljakarta/servlet/http/HttpServletResponse;)V+70
j  org.springframework.web.servlet.FrameworkServlet.doGet(Ljakarta/servlet/http/HttpServletRequest;Ljakarta/servlet/http/HttpServletResponse;)V+3
j  jakarta.servlet.http.HttpServlet.service(Ljakarta/servlet/http/HttpServletRequest;Ljakarta/servlet/http/HttpServletResponse;)V+35
j  org.springframework.web.servlet.FrameworkServlet.service(Ljakarta/servlet/http/HttpServletRequest;Ljakarta/servlet/http/HttpServletResponse;)V+20
j  jakarta.servlet.http.HttpServlet.service(Ljakarta/servlet/ServletRequest;Ljakarta/servlet/ServletResponse;)V+36
j  org.apache.catalina.core.ApplicationFilterChain.internalDoFilter(Ljakarta/servlet/ServletRequest;Ljakarta/servlet/ServletResponse;)V+305
j  org.apache.catalina.core.ApplicationFilterChain.doFilter(Ljakarta/servlet/ServletRequest;Ljakarta/servlet/ServletResponse;)V+99
j  org.apache.tomcat.websocket.server.WsFilter.doFilter(Ljakarta/servlet/ServletRequest;Ljakarta/servlet/ServletResponse;Ljakarta/servlet/FilterChain;)V+21
j  org.apache.catalina.core.ApplicationFilterChain.internalDoFilter(Ljakarta/servlet/ServletRequest;Ljakarta/servlet/ServletResponse;)V+135
j  org.apache.catalina.core.ApplicationFilterChain.doFilter(Ljakarta/servlet/ServletRequest;Ljakarta/servlet/ServletResponse;)V+99
j  org.springframework.web.filter.RequestContextFilter.doFilterInternal(Ljakarta/servlet/http/HttpServletRequest;Ljakarta/servlet/http/HttpServletResponse;Ljakarta/servlet/FilterChain;)V+21
j  org.springframework.web.filter.OncePerRequestFilter.doFilter(Ljakarta/servlet/ServletRequest;Ljakarta/servlet/ServletResponse;Ljakarta/servlet/FilterChain;)V+150
j  org.apache.catalina.core.ApplicationFilterChain.internalDoFilter(Ljakarta/servlet/ServletRequest;Ljakarta/servlet/ServletResponse;)V+135
j  org.apache.catalina.core.ApplicationFilterChain.doFilter(Ljakarta/servlet/ServletRequest;Ljakarta/servlet/ServletResponse;)V+99
j  org.springframework.web.filter.FormContentFilter.doFilterInternal(Ljakarta/servlet/http/HttpServletRequest;Ljakarta/servlet/http/HttpServletResponse;Ljakarta/servlet/FilterChain;)V+38
j  org.springframework.web.filter.OncePerRequestFilter.doFilter(Ljakarta/servlet/ServletRequest;Ljakarta/servlet/ServletResponse;Ljakarta/servlet/FilterChain;)V+150
j  org.apache.catalina.core.ApplicationFilterChain.internalDoFilter(Ljakarta/servlet/ServletRequest;Ljakarta/servlet/ServletResponse;)V+135
j  org.apache.catalina.core.ApplicationFilterChain.doFilter(Ljakarta/servlet/ServletRequest;Ljakarta/servlet/ServletResponse;)V+99
j  org.springframework.web.filter.CharacterEncodingFilter.doFilterInternal(Ljakarta/servlet/http/HttpServletRequest;Ljakarta/servlet/http/HttpServletResponse;Ljakarta/servlet/FilterChain;)V+53
j  org.springframework.web.filter.OncePerRequestFilter.doFilter(Ljakarta/servlet/ServletRequest;Ljakarta/servlet/ServletResponse;Ljakarta/servlet/FilterChain;)V+150
j  org.apache.catalina.core.ApplicationFilterChain.internalDoFilter(Ljakarta/servlet/ServletRequest;Ljakarta/servlet/ServletResponse;)V+135
j  org.apache.catalina.core.ApplicationFilterChain.doFilter(Ljakarta/servlet/ServletRequest;Ljakarta/servlet/ServletResponse;)V+99
j  org.apache.catalina.core.StandardWrapperValve.invoke(Lorg/apache/catalina/connector/Request;Lorg/apache/catalina/connector/Response;)V+514
j  org.apache.catalina.core.StandardContextValve.invoke(Lorg/apache/catalina/connector/Request;Lorg/apache/catalina/connector/Response;)V+169
j  org.apache.catalina.authenticator.AuthenticatorBase.invoke(Lorg/apache/catalina/connector/Request;Lorg/apache/catalina/connector/Response;)V+218
j  org.apache.catalina.core.StandardHostValve.invoke(Lorg/apache/catalina/connector/Request;Lorg/apache/catalina/connector/Response;)V+131
j  org.apache.catalina.valves.ErrorReportValve.invoke(Lorg/apache/catalina/connector/Request;Lorg/apache/catalina/connector/Response;)V+6
j  org.apache.catalina.core.StandardEngineValve.invoke(Lorg/apache/catalina/connector/Request;Lorg/apache/catalina/connector/Response;)V+59
j  org.apache.catalina.connector.CoyoteAdapter.service(Lorg/apache/coyote/Request;Lorg/apache/coyote/Response;)V+187
j  org.apache.coyote.http11.Http11Processor.service(Lorg/apache/tomcat/util/net/SocketWrapperBase;)Lorg/apache/tomcat/util/net/AbstractEndpoint$Handler$SocketState;+785
j  org.apache.coyote.AbstractProcessorLight.process(Lorg/apache/tomcat/util/net/SocketWrapperBase;Lorg/apache/tomcat/util/net/SocketEvent;)Lorg/apache/tomcat/util/net/AbstractEndpoint$Handler$SocketState;+152
j  org.apache.coyote.AbstractProtocol$ConnectionHandler.process(Lorg/apache/tomcat/util/net/SocketWrapperBase;Lorg/apache/tomcat/util/net/SocketEvent;)Lorg/apache/tomcat/util/net/AbstractEndpoint$Handler$SocketState;+482
j  org.apache.tomcat.util.net.NioEndpoint$SocketProcessor.doRun()V+249
j  org.apache.tomcat.util.net.SocketProcessorBase.run()V+32
j  org.apache.tomcat.util.threads.ThreadPoolExecutor.runWorker(Lorg/apache/tomcat/util/threads/ThreadPoolExecutor$Worker;)V+92
j  org.apache.tomcat.util.threads.ThreadPoolExecutor$Worker.run()V+5
j  org.apache.tomcat.util.threads.TaskThread$WrappingRunnable.run()V+4
j  java.lang.Thread.run()V+11 java.base@17.0.8.1
v  ~StubRoutines::call_stub
Register to memory mapping:

RAX=0x00007f2df01b2000 points into unknown readable memory: 0x0000000000000058 | 58 00 00 00 00 00 00 00
RBX=0x000000000000007d is an unknown value
RCX=0x000000006c65746e is an unknown value
RDX=0x00007f2de92e6980 points into unknown readable memory: 0x0000000000000002 | 02 00 00 00 00 00 00 00
RSP=0x00007f2db8aea530 is pointing into the stack for thread: 0x00007f2de92e6030
RBP=0x00007f2db8aea580 is pointing into the stack for thread: 0x00007f2de92e6030
RSI=0x000000000000007d is an unknown value
RDI={method} {0x00007f2db0e5f448} 'getToken' '()Ljava/lang/String;' in 'com/keyclock/demo/service/KeyCloakService'
R8 =0x0 is NULL
R9 =0x0 is NULL
R10=0x0 is NULL
R11=0x0000000000000246 is an unknown value
R12=0x00007f2de92d5a10 points into unknown readable memory: 0x00007f2d00000002 | 02 00 00 00 2d 7f 00 00
R13={method} {0x00007f2db0e5f448} 'getToken' '()Ljava/lang/String;' in 'com/keyclock/demo/service/KeyCloakService'
R14=0x00007f2d44126008 points into unknown readable memory: 0x0000000000000085 | 85 00 00 00 00 00 00 00
R15=0x00000000000003d8 is an unknown value


Registers:
RAX=0x00007f2df01b2000, RBX=0x000000000000007d, RCX=0x000000006c65746e, RDX=0x00007f2de92e6980
RSP=0x00007f2db8aea530, RBP=0x00007f2db8aea580, RSI=0x000000000000007d, RDI=0x00007f2db0e5f448
R8 =0x0000000000000000, R9 =0x0000000000000000, R10=0x0000000000000000, R11=0x0000000000000246
R12=0x00007f2de92d5a10, R13=0x00007f2db0e5f448, R14=0x00007f2d44126008, R15=0x00000000000003d8
RIP=0x00007f2def5bbffd, EFLAGS=0x0000000000010206, CSGSFS=0x002b000000000033, ERR=0x0000000000000006
  TRAPNO=0x000000000000000e

Top of Stack: (sp=0x00007f2db8aea530)
0x00007f2db8aea530:   0000000000000000 00007f2db0e5f448
0x00007f2db8aea540:   00007f2d44125c20 00007f2d44125c30
0x00007f2db8aea550:   00007f2db8aea580 00007f2dd8944760
0x00007f2db8aea560:   00007f2de92e6030 00007f2db0e5f448 

Instructions: (pc=0x00007f2def5bbffd)
0x00007f2def5bbefd:   ea 03 66 0f 6e d0 44 89 c0 0f b6 d2 66 0f 6e c2
0x00007f2def5bbf0d:   66 0f 62 c2 66 0f fe c1 66 0f d6 47 0c 48 8b 5d
0x00007f2def5bbf1d:   f8 c9 c3 44 89 c0 c3 0f 1f 40 00 e8 e3 09 a4 ff
0x00007f2def5bbf2d:   01 43 0c 48 89 df e8 d8 09 a4 ff 41 b8 01 00 00
0x00007f2def5bbf3d:   00 01 43 10 48 8b 5d f8 c9 44 89 c0 c3 66 0f 1f
0x00007f2def5bbf4d:   44 00 00 f3 0f 1e fa 55 48 89 e5 41 57 41 56 41
0x00007f2def5bbf5d:   55 41 54 53 89 f3 48 83 ec 28 48 8b 57 08 48 8b
0x00007f2def5bbf6d:   42 08 48 8b 40 18 48 8b 80 78 01 00 00 48 85 c0
0x00007f2def5bbf7d:   75 12 eb 3f 0f 1f 80 00 00 00 00 48 8b 40 10 48
0x00007f2def5bbf8d:   85 c0 74 2f 39 58 04 75 f2 0f b7 4a 22 66 39 48
0x00007f2def5bbf9d:   08 75 e8 0f b7 72 24 66 39 70 0a 75 de 8b 00 48
0x00007f2def5bbfad:   83 c4 28 5b 41 5c 41 5d 41 5e 41 5f 5d c3 0f 1f
0x00007f2def5bbfbd:   44 00 00 48 89 7d b8 66 48 8d 3d dc 6f 75 00 66
0x00007f2def5bbfcd:   66 48 e8 ec 55 69 ff 48 8b 7d b8 48 8b 00 4c 8b
0x00007f2def5bbfdd:   a0 38 02 00 00 48 8d 05 5f b3 75 00 48 8b 00 f3
0x00007f2def5bbfed:   41 0f 6f 44 24 10 4d 8b 74 24 20 4d 8b 7c 24 28
0x00007f2def5bbffd:   c6 00 58 48 8b 57 08 66 49 0f 7e c5 0f 29 45 c0
0x00007f2def5bc00d:   48 8b 42 08 0f b7 4a 24 0f b7 52 22 4c 8b 44 c8
0x00007f2def5bc01d:   48 48 8b 78 18 48 8b 74 d0 48 4c 89 c2 e8 31 c7
0x00007f2def5bc02d:   ff ff 41 89 d9 48 8d 0d e7 37 49 00 ba 3a 07 00
0x00007f2def5bc03d:   00 49 89 c0 48 8d 35 28 37 49 00 31 c0 bf 00 00
0x00007f2def5bc04d:   00 e0 e8 8c 51 a5 ff e8 37 11 07 00 49 83 7d 00
0x00007f2def5bc05d:   00 74 13 4c 89 e7 4c 89 fe e8 15 7d 81 ff 4c 89
0x00007f2def5bc06d:   ef e8 bd 71 81 ff 66 0f 6f 4d c0 4d 89 74 24 20
0x00007f2def5bc07d:   b8 ee 00 00 00 41 0f 11 4c 24 10 48 83 c4 28 5b
0x00007f2def5bc08d:   41 5c 41 5d 41 5e 41 5f 5d c3 90 0f 1f 84 00 00
0x00007f2def5bc09d:   00 00 00 f3 0f 1e fa 48 8b 47 08 48 8b 40 08 48
0x00007f2def5bc0ad:   8b 40 18 48 8b 80 78 01 00 00 48 85 c0 75 0d eb
0x00007f2def5bc0bd:   35 66 90 48 8b 40 10 48 85 c0 74 2a 3b 70 04 75
0x00007f2def5bc0cd:   f2 48 8b 4f 08 44 0f b7 41 22 66 44 39 40 08 75
0x00007f2def5bc0dd:   e2 0f b7 49 24 66 39 48 0a 75 d8 89 10 48 8b 40
0x00007f2def5bc0ed:   10 48 85 c0 75 d6 c3 66 66 2e 0f 1f 84 00 00 00 


Stack slot to memory mapping:
stack at sp + 0 slots: 0x0 is NULL
stack at sp + 1 slots: {method} {0x00007f2db0e5f448} 'getToken' '()Ljava/lang/String;' in 'com/keyclock/demo/service/KeyCloakService'
stack at sp + 2 slots: 0x00007f2d44125c20 points into unknown readable memory: 0x0000000000000000 | 00 00 00 00 00 00 00 00
stack at sp + 3 slots: 0x00007f2d44125c30 points into unknown readable memory: 0x6379656b2e6d6f63 | 63 6f 6d 2e 6b 65 79 63
stack at sp + 4 slots: 0x00007f2db8aea580 is pointing into the stack for thread: 0x00007f2de92e6030
stack at sp + 5 slots: 0x00007f2dd8944760 is at code_begin+0 in an Interpreter codelet
exception handling  [0x00007f2dd8944760, 0x00007f2dd8945820]  4288 bytes
stack at sp + 6 slots: 0x00007f2de92e6030 is a thread
stack at sp + 7 slots: {method} {0x00007f2db0e5f448} 'getToken' '()Ljava/lang/String;' in 'com/keyclock/demo/service/KeyCloakService'


---------------  P R O C E S S  ---------------

Threads class SMR info:
_java_thread_list=0x00007f2d38001fc0, length=28, elements={
0x00007f2de817f210, 0x00007f2de8180600, 0x00007f2de8184dc0, 0x00007f2de8186180,
0x00007f2de81875a0, 0x00007f2de8188f60, 0x00007f2de818a4a0, 0x00007f2de8193910,
0x00007f2de819ef90, 0x00007f2de81ec450, 0x00007f2de81efc20, 0x00007f2de820c6e0,
0x00007f2de81dcc80, 0x00007f2cfc001c70, 0x00007f2de9177ce0, 0x00007f2de92d4bc0,
0x00007f2de92e6030, 0x00007f2de92e6bc0, 0x00007f2de92e7c80, 0x00007f2de92e8c80,
0x00007f2de92ea070, 0x00007f2de92eb540, 0x00007f2de92ec620, 0x00007f2de92eda20,
0x00007f2de92eee20, 0x00007f2de92f27a0, 0x00007f2de92f8690, 0x00007f2de801a9a0
}

Java Threads: ( => current thread )
  0x00007f2de817f210 JavaThread "Reference Handler" daemon [_thread_blocked, id=12670, stack(0x00007f2dc868f000,0x00007f2dc878f000)]
  0x00007f2de8180600 JavaThread "Finalizer" daemon [_thread_blocked, id=12671, stack(0x00007f2dc858f000,0x00007f2dc868f000)]
  0x00007f2de8184dc0 JavaThread "Signal Dispatcher" daemon [_thread_blocked, id=12672, stack(0x00007f2dc848f000,0x00007f2dc858f000)]
  0x00007f2de8186180 JavaThread "Service Thread" daemon [_thread_blocked, id=12673, stack(0x00007f2dc838f000,0x00007f2dc848f000)]
  0x00007f2de81875a0 JavaThread "Monitor Deflation Thread" daemon [_thread_blocked, id=12674, stack(0x00007f2dc828f000,0x00007f2dc838f000)]
  0x00007f2de8188f60 JavaThread "C2 CompilerThread0" daemon [_thread_blocked, id=12675, stack(0x00007f2dc818f000,0x00007f2dc828f000)]
  0x00007f2de818a4a0 JavaThread "C1 CompilerThread0" daemon [_thread_blocked, id=12676, stack(0x00007f2dc808f000,0x00007f2dc818f000)]
  0x00007f2de8193910 JavaThread "Sweeper thread" daemon [_thread_blocked, id=12677, stack(0x00007f2db9f00000,0x00007f2dba000000)]
  0x00007f2de819ef90 JavaThread "Common-Cleaner" daemon [_thread_blocked, id=12678, stack(0x00007f2db9e00000,0x00007f2db9f00000)]
  0x00007f2de81ec450 JavaThread "JDWP Transport Listener: dt_socket" daemon [_thread_blocked, id=12679, stack(0x00007f2db9d00000,0x00007f2db9e00000)]
  0x00007f2de81efc20 JavaThread "JDWP Event Helper Thread" daemon [_thread_blocked, id=12682, stack(0x00007f2db9c00000,0x00007f2db9d00000)]
  0x00007f2de820c6e0 JavaThread "Notification Thread" daemon [_thread_blocked, id=12685, stack(0x00007f2db9a00000,0x00007f2db9b00000)]
  0x00007f2de81dcc80 JavaThread "Catalina-utility-1" [_thread_blocked, id=12708, stack(0x00007f2db8ef0000,0x00007f2db8ff0000)]
  0x00007f2cfc001c70 JavaThread "Catalina-utility-2" [_thread_blocked, id=12709, stack(0x00007f2db8cee000,0x00007f2db8dee000)]
  0x00007f2de9177ce0 JavaThread "container-0" [_thread_blocked, id=12710, stack(0x00007f2db8bee000,0x00007f2db8cee000)]
  0x00007f2de92d4bc0 JavaThread "http-nio-8080-exec-1" daemon [_thread_blocked, id=12712, stack(0x00007f2db8aee000,0x00007f2db8bee000)]
=>0x00007f2de92e6030 JavaThread "http-nio-8080-exec-2" daemon [_thread_in_vm, id=12713, stack(0x00007f2db89ee000,0x00007f2db8aee000)]
  0x00007f2de92e6bc0 JavaThread "http-nio-8080-exec-3" daemon [_thread_blocked, id=12714, stack(0x00007f2db88ee000,0x00007f2db89ee000)]
  0x00007f2de92e7c80 JavaThread "http-nio-8080-exec-4" daemon [_thread_blocked, id=12715, stack(0x00007f2db87ee000,0x00007f2db88ee000)]
  0x00007f2de92e8c80 JavaThread "http-nio-8080-exec-5" daemon [_thread_blocked, id=12716, stack(0x00007f2db86ee000,0x00007f2db87ee000)]
  0x00007f2de92ea070 JavaThread "http-nio-8080-exec-6" daemon [_thread_blocked, id=12717, stack(0x00007f2db85ee000,0x00007f2db86ee000)]
  0x00007f2de92eb540 JavaThread "http-nio-8080-exec-7" daemon [_thread_blocked, id=12718, stack(0x00007f2db84ee000,0x00007f2db85ee000)]
  0x00007f2de92ec620 JavaThread "http-nio-8080-exec-8" daemon [_thread_blocked, id=12719, stack(0x00007f2db83ee000,0x00007f2db84ee000)]
  0x00007f2de92eda20 JavaThread "http-nio-8080-exec-9" daemon [_thread_blocked, id=12720, stack(0x00007f2db82ee000,0x00007f2db83ee000)]
  0x00007f2de92eee20 JavaThread "http-nio-8080-exec-10" daemon [_thread_blocked, id=12721, stack(0x00007f2db81ee000,0x00007f2db82ee000)]
  0x00007f2de92f27a0 JavaThread "http-nio-8080-Poller" daemon [_thread_in_native, id=12722, stack(0x00007f2db80ee000,0x00007f2db81ee000)]
  0x00007f2de92f8690 JavaThread "http-nio-8080-Acceptor" daemon [_thread_in_native, id=12723, stack(0x00007f2d6af00000,0x00007f2d6b000000)]
  0x00007f2de801a9a0 JavaThread "DestroyJavaVM" [_thread_blocked, id=12663, stack(0x00007f2dee900000,0x00007f2deea00000)]

Other Threads:
  0x00007f2de817b150 VMThread "VM Thread" [stack: 0x00007f2dc8791000,0x00007f2dc8891000] [id=12669] _threads_hazard_ptr=0x00007f2d38001fc0
  0x00007f2de820ded0 WatcherThread [stack: 0x00007f2db9900000,0x00007f2db9a00000] [id=12686]
  0x00007f2de8086cf0 GCTaskThread "GC Thread#0" [stack: 0x00007f2dec598000,0x00007f2dec698000] [id=12664]
  0x00007f2d64006040 GCTaskThread "GC Thread#1" [stack: 0x00007f2db96fe000,0x00007f2db97fe000] [id=12695]
  0x00007f2d64006a70 GCTaskThread "GC Thread#2" [stack: 0x00007f2db95fc000,0x00007f2db96fc000] [id=12696]
  0x00007f2d640074a0 GCTaskThread "GC Thread#3" [stack: 0x00007f2db94fa000,0x00007f2db95fa000] [id=12697]
  0x00007f2d64007ed0 GCTaskThread "GC Thread#4" [stack: 0x00007f2db93f8000,0x00007f2db94f8000] [id=12698]
  0x00007f2d64008900 GCTaskThread "GC Thread#5" [stack: 0x00007f2db92f6000,0x00007f2db93f6000] [id=12699]
  0x00007f2d6400e900 GCTaskThread "GC Thread#6" [stack: 0x00007f2db91f4000,0x00007f2db92f4000] [id=12700]
  0x00007f2d6400f330 GCTaskThread "GC Thread#7" [stack: 0x00007f2db90f2000,0x00007f2db91f2000] [id=12701]
  0x00007f2de8097b80 ConcurrentGCThread "G1 Main Marker" [stack: 0x00007f2dec496000,0x00007f2dec596000] [id=12665]
  0x00007f2de8098af0 ConcurrentGCThread "G1 Conc#0" [stack: 0x00007f2dec394000,0x00007f2dec494000] [id=12666]
  0x00007f2dbc000ea0 ConcurrentGCThread "G1 Conc#1" [stack: 0x00007f2db8df0000,0x00007f2db8ef0000] [id=12707]
  0x00007f2de814d720 ConcurrentGCThread "G1 Refine#0" [stack: 0x00007f2dc8ae7000,0x00007f2dc8be7000] [id=12667]
  0x00007f2de814e610 ConcurrentGCThread "G1 Service" [stack: 0x00007f2dc89e5000,0x00007f2dc8ae5000] [id=12668]

Threads with active compile tasks:
C1 CompilerThread0   339539 3498       1       java.util.concurrent.ThreadPoolExecutor::getQueue (5 bytes)

VM state: synchronizing (normal execution)

VM Mutex/Monitor currently owned by a thread:  ([mutex/lock_event])
[0x00007f2de8017710] Threads_lock - owner thread: 0x00007f2de817b150

Heap address: 0x0000000707600000, size: 3978 MB, Compressed Oops mode: Zero based, Oop shift amount: 3

CDS archive(s) mapped at: [0x00007f2d6b000000-0x00007f2d6bbeb000-0x00007f2d6bbeb000), size 12496896, SharedBaseAddress: 0x00007f2d6b000000, ArchiveRelocationMode: 1.
Compressed class space mapped at: 0x00007f2d6c000000-0x00007f2dac000000, reserved size: 1073741824
Narrow klass base: 0x00007f2d6b000000, Narrow klass shift: 0, Narrow klass range: 0x100000000

GC Precious Log:
 CPUs: 8 total, 8 available
 Memory: 15904M
 Large Page Support: Disabled
 NUMA Support: Disabled
 Compressed Oops: Enabled (Zero based)
 Heap Region Size: 2M
 Heap Min Capacity: 8M
 Heap Initial Capacity: 250M
 Heap Max Capacity: 3978M
 Pre-touch: Disabled
 Parallel Workers: 8
 Concurrent Workers: 2
 Concurrent Refinement Workers: 8
 Periodic GC: Disabled

Heap:
 garbage-first heap   total 61440K, used 30121K [0x0000000707600000, 0x0000000800000000)
  region size 2048K, 9 young (18432K), 1 survivors (2048K)
 Metaspace       used 30161K, committed 30592K, reserved 1114112K
  class space    used 3802K, committed 4032K, reserved 1048576K

Heap Regions: E=young(eden), S=young(survivor), O=old, HS=humongous(starts), HC=humongous(continues), CS=collection set, F=free, OA=open archive, CA=closed archive, TAMS=top-at-mark-start (previous, next)
|   0|0x0000000707600000, 0x0000000707800000, 0x0000000707800000|100%| O|  |TAMS 0x0000000707800000, 0x0000000707600000| Untracked 
|   1|0x0000000707800000, 0x0000000707a00000, 0x0000000707a00000|100%| O|  |TAMS 0x0000000707a00000, 0x0000000707800000| Untracked 
|   2|0x0000000707a00000, 0x0000000707a00000, 0x0000000707c00000|  0%| F|  |TAMS 0x0000000707a00000, 0x0000000707a00000| Untracked 
|   3|0x0000000707c00000, 0x0000000707e00000, 0x0000000707e00000|100%| O|  |TAMS 0x0000000707c00000, 0x0000000707c00000| Untracked 
|   4|0x0000000707e00000, 0x0000000708000000, 0x0000000708000000|100%| O|  |TAMS 0x0000000707e00000, 0x0000000707e00000| Untracked 
|   5|0x0000000708000000, 0x0000000708200000, 0x0000000708200000|100%| O|  |TAMS 0x0000000708000000, 0x0000000708000000| Untracked 
|   6|0x0000000708200000, 0x0000000708400000, 0x0000000708400000|100%| O|  |TAMS 0x0000000708200000, 0x0000000708200000| Untracked 
|   7|0x0000000708400000, 0x0000000708400000, 0x0000000708600000|  0%| F|  |TAMS 0x0000000708400000, 0x0000000708400000| Untracked 
|   8|0x0000000708600000, 0x0000000708600000, 0x0000000708800000|  0%| F|  |TAMS 0x0000000708600000, 0x0000000708600000| Untracked 
|   9|0x0000000708800000, 0x0000000708800000, 0x0000000708a00000|  0%| F|  |TAMS 0x0000000708800000, 0x0000000708800000| Untracked 
|  10|0x0000000708a00000, 0x0000000708abdc00, 0x0000000708c00000| 37%| O|  |TAMS 0x0000000708a00000, 0x0000000708a00000| Untracked 
|  11|0x0000000708c00000, 0x0000000708c00000, 0x0000000708e00000|  0%| F|  |TAMS 0x0000000708c00000, 0x0000000708c00000| Untracked 
|  12|0x0000000708e00000, 0x0000000708e00000, 0x0000000709000000|  0%| F|  |TAMS 0x0000000708e00000, 0x0000000708e00000| Untracked 
|  13|0x0000000709000000, 0x0000000709000000, 0x0000000709200000|  0%| F|  |TAMS 0x0000000709000000, 0x0000000709000000| Untracked 
|  14|0x0000000709200000, 0x0000000709200000, 0x0000000709400000|  0%| F|  |TAMS 0x0000000709200000, 0x0000000709200000| Untracked 
|  15|0x0000000709400000, 0x0000000709400000, 0x0000000709600000|  0%| F|  |TAMS 0x0000000709400000, 0x0000000709400000| Untracked 
|  16|0x0000000709600000, 0x0000000709600000, 0x0000000709800000|  0%| F|  |TAMS 0x0000000709600000, 0x0000000709600000| Untracked 
|  17|0x0000000709800000, 0x0000000709800000, 0x0000000709a00000|  0%| F|  |TAMS 0x0000000709800000, 0x0000000709800000| Untracked 
|  18|0x0000000709a00000, 0x0000000709a00000, 0x0000000709c00000|  0%| F|  |TAMS 0x0000000709a00000, 0x0000000709a00000| Untracked 
|  19|0x0000000709c00000, 0x0000000709d92b08, 0x0000000709e00000| 78%| E|  |TAMS 0x0000000709c00000, 0x0000000709c00000| Complete 
|  20|0x0000000709e00000, 0x000000070a000000, 0x000000070a000000|100%| E|CS|TAMS 0x0000000709e00000, 0x0000000709e00000| Complete 
|  21|0x000000070a000000, 0x000000070a200000, 0x000000070a200000|100%| E|CS|TAMS 0x000000070a000000, 0x000000070a000000| Complete 
|  22|0x000000070a200000, 0x000000070a400000, 0x000000070a400000|100%| E|CS|TAMS 0x000000070a200000, 0x000000070a200000| Complete 
|  23|0x000000070a400000, 0x000000070a600000, 0x000000070a600000|100%| E|CS|TAMS 0x000000070a400000, 0x000000070a400000| Complete 
|  96|0x0000000713600000, 0x0000000713800000, 0x0000000713800000|100%| E|CS|TAMS 0x0000000713600000, 0x0000000713600000| Complete 
|  97|0x0000000713800000, 0x0000000713a00000, 0x0000000713a00000|100%| E|CS|TAMS 0x0000000713800000, 0x0000000713800000| Complete 
|  98|0x0000000713a00000, 0x0000000713ab1be8, 0x0000000713c00000| 34%| S|CS|TAMS 0x0000000713a00000, 0x0000000713a00000| Complete 
| 124|0x0000000716e00000, 0x0000000717000000, 0x0000000717000000|100%| E|CS|TAMS 0x0000000716e00000, 0x0000000716e00000| Complete 
|1987|0x00000007ffc00000, 0x00000007ffd77000, 0x00000007ffe00000| 73%|OA|  |TAMS 0x00000007ffd77000, 0x00000007ffc00000| Untracked 
|1988|0x00000007ffe00000, 0x00000007ffe84000, 0x0000000800000000| 25%|CA|  |TAMS 0x00000007ffe84000, 0x00000007ffe00000| Untracked 

Card table byte_map: [0x00007f2dec698000,0x00007f2dece5d000] _byte_map_base: 0x00007f2de8e5d000

Marking Bits (Prev, Next): (CMBitMap*) 0x00007f2de80877b0, (CMBitMap*) 0x00007f2de8087770
 Prev Bits: [0x00007f2dc8feb000, 0x00007f2dcce13000)
 Next Bits: [0x00007f2dcce13000, 0x00007f2dd0c3b000)

Polling page: 0x00007f2df016e000

Metaspace:

Usage:
  Non-class:     25.74 MB used.
      Class:      3.71 MB used.
       Both:     29.45 MB used.

Virtual space:
  Non-class space:       64.00 MB reserved,      25.94 MB ( 41%) committed,  1 nodes.
      Class space:        1.00 GB reserved,       3.94 MB ( <1%) committed,  1 nodes.
             Both:        1.06 GB reserved,      29.88 MB (  3%) committed. 

Chunk freelists:
   Non-Class:  5.31 MB
       Class:  11.97 MB
        Both:  17.28 MB

MaxMetaspaceSize: unlimited
CompressedClassSpaceSize: 1.00 GB
Initial GC threshold: 21.00 MB
Current GC threshold: 35.12 MB
CDS: on
MetaspaceReclaimPolicy: balanced
 - commit_granule_bytes: 65536.
 - commit_granule_words: 8192.
 - virtual_space_node_default_size: 8388608.
 - enlarge_chunks_in_place: 1.
 - new_chunks_are_fully_committed: 0.
 - uncommit_free_chunks: 1.
 - use_allocation_guard: 0.
 - handle_deallocations: 1.


Internal statistics:

num_allocs_failed_limit: 3.
num_arena_births: 578.
num_arena_deaths: 0.
num_vsnodes_births: 2.
num_vsnodes_deaths: 0.
num_space_committed: 478.
num_space_uncommitted: 0.
num_chunks_returned_to_freelist: 3.
num_chunks_taken_from_freelist: 1645.
num_chunk_merges: 3.
num_chunk_splits: 1133.
num_chunks_enlarged: 836.
num_inconsistent_stats: 0.

CodeHeap 'non-profiled nmethods': size=120028Kb used=2249Kb max_used=2249Kb free=117778Kb
 bounds [0x00007f2dd8ec9000, 0x00007f2dd9139000, 0x00007f2de0400000]
CodeHeap 'profiled nmethods': size=120028Kb used=7387Kb max_used=7387Kb free=112640Kb
 bounds [0x00007f2dd1400000, 0x00007f2dd1b40000, 0x00007f2dd8937000]
CodeHeap 'non-nmethods': size=5704Kb used=1279Kb max_used=1407Kb free=4424Kb
 bounds [0x00007f2dd8937000, 0x00007f2dd8ba7000, 0x00007f2dd8ec9000]
 total_blobs=4032 nmethods=3499 adapters=446
 compilation: enabled
              stopped_count=0, restarted_count=0
 full_count=0

Compilation events (20 events):
Event: 311.254 Thread 0x00007f2de818a4a0 nmethod 3491 0x00007f2dd1b32f90 code [0x00007f2dd1b33140, 0x00007f2dd1b33450]
Event: 311.255 Thread 0x00007f2de818a4a0 3494       3       java.util.concurrent.locks.AbstractQueuedSynchronizer::release (19 bytes)
Event: 311.255 Thread 0x00007f2de818a4a0 nmethod 3494 0x00007f2dd1b33510 code [0x00007f2dd1b33700, 0x00007f2dd1b33ba0]
